<?xml version="1.0" encoding="UTF-8"?>
<!-- Generated by org.testng.reporters.JUnitReportReporter -->
<testsuite hostname="DESKTOP-JU827HG" name="myMavenProject.JenkinsTestChrome" tests="1" failures="0" timestamp="18 Feb 2018 08:41:37 GMT" time="12.405" errors="0">
  <testcase name="verifyTitle" time="12.405" classname="myMavenProject.JenkinsTestChrome"/>
</testsuite> <!-- myMavenProject.JenkinsTestChrome -->
