<?xml version="1.0" encoding="UTF-8"?>
<!-- Generated by org.testng.reporters.JUnitReportReporter -->
<testsuite hostname="DESKTOP-JU827HG" name="myMavenProject.JenkinsTestChrome" tests="1" failures="0" timestamp="18 Feb 2018 11:18:16 GMT" time="13.046" errors="0">
  <testcase name="verifyTitle" time="13.046" classname="myMavenProject.JenkinsTestChrome"/>
</testsuite> <!-- myMavenProject.JenkinsTestChrome -->
