<?xml version="1.0" encoding="UTF-8"?>
<!-- Generated by org.testng.reporters.JUnitReportReporter -->
<testsuite hostname="DESKTOP-JU827HG" name="myMavenProject.JenkinsTestChrome" tests="1" failures="0" timestamp="17 Feb 2018 21:46:57 GMT" time="12.208" errors="0">
  <testcase name="verifyTitle" time="12.208" classname="myMavenProject.JenkinsTestChrome"/>
</testsuite> <!-- myMavenProject.JenkinsTestChrome -->
